
ROM used:   84/2048 (4%)
            84/2048 (4%) including unused fragments

            0.2 Average locations per line
            5.3 Average locations per statement

RAM used:   7/224 (3%) at main() level
            8/224 (4%) worst case

Stack used: 0 worst case (0 in main + 0 for interrupts)
Stack size: 8

Lines Stmts  %   Files
----- ----- ---  -----
   34    16 100  PapaNoel.c
  519     0   0  C:\Program Files (x86)\PICC\devices\16F628A.h
----- -----
  553    16 Total

Page ROM  %  RAM    Vol Diff  Functions:
---- --- --- ---    --- ----  ----------
0     21  25    1             @delay_ms1
0     59  70    2    367  4.7  main
 Inline         0             @cinit1

Program metrics:
    Functions               1
    Statements              16
    Comments                101
    Volume (V)              371
    Difficulty (D)          4.4
    Effort to implement (E) 1638
    Time to implement (T)   2 minutes
    Est Delivered Bugs (B)  0
    Cyclomatic Complexity   2
    Maintainability (MI)    102

 Segment     Used  Free
-----------  ----  ----
00000-00003     4  0  
00004-007FF    80  1964  



